<?xml version="1.0" encoding="utf-8"?>
<TestRun id="637c237a-8b25-4d75-bee8-dbd3d8eace2c" name="@DESKTOP-EUMPUNP 2025-08-04 16:11:26" xmlns="http://microsoft.com/schemas/VisualStudio/TeamTest/2010">
  <Times creation="2025-08-04T16:11:26.4897838+04:00" queuing="2025-08-04T16:11:26.4897838+04:00" start="2025-08-04T16:11:25.8339788+04:00" finish="2025-08-04T16:11:26.4937483+04:00" />
  <TestSettings name="default" id="4221e6a3-1ece-4e92-8cf4-fb1b0c2b23a1">
    <Deployment runDeploymentRoot="_DESKTOP-EUMPUNP_2025-08-04_16_11_26" />
  </TestSettings>
  <Results>
    <UnitTestResult executionId="e4132bff-88ce-40b1-8529-7239b9bb93c7" testId="449bfb3d-1e30-9e4c-e3ab-fab2e833b77a" testName="AppifySheets.TBC.IntegrationService.Tests.TBCSoapCallerTests.PostboxMessagesRequestSoapGetPaymentOrderStatus_should_return_values" computerName="DESKTOP-EUMPUNP" duration="00:00:00.0054165" startTime="2025-08-04T16:11:26.4184464+04:00" endTime="2025-08-04T16:11:26.4184547+04:00" testType="13cdc9d9-ddb5-4fa4-a97d-d965ccfc6d4b" outcome="Failed" testListId="8c84fa94-04c1-424b-9868-57a2d4851a1d" relativeResultsDirectory="e4132bff-88ce-40b1-8529-7239b9bb93c7">
      <Output>
        <ErrorInfo>
          <Message>Interop+Crypto+OpenSslCryptographicException : error:10000080:BIO routines::no such file</Message>
          <StackTrace>   at Interop.Crypto.CheckValidOpenSslHandle(SafeHandle handle)
   at System.Security.Cryptography.X509Certificates.StorePal.FromFile(String fileName, SafePasswordHandle password, X509KeyStorageFlags keyStorageFlags)
   at System.Security.Cryptography.X509Certificates.X509Certificate2Collection.Import(String fileName, String password, X509KeyStorageFlags keyStorageFlags)
   at AppifySheets.TBC.IntegrationService.Client.TBC_Services.TBCSoapCaller.&lt;&gt;c__DisplayClass5_0.&lt;CallTBCServiceAsync&gt;g__GetCertificates|1() in /home/petre/repos/EuroCredit.CRM2Alta.API/TBC-IntegrationService-StandardPlus-Client/AppifySheets.TBC.IntegrationService.Client/TBC_Services/TBCSoapCaller.cs:line 120
   at AppifySheets.TBC.IntegrationService.Client.TBC_Services.TBCSoapCaller.CallTBCServiceAsync(PerformedActionSoapEnvelope performedActionSoapEnvelope) in /home/petre/repos/EuroCredit.CRM2Alta.API/TBC-IntegrationService-StandardPlus-Client/AppifySheets.TBC.IntegrationService.Client/TBC_Services/TBCSoapCaller.cs:line 88
   at AppifySheets.TBC.IntegrationService.Client.TBC_Services.TBCSoapCaller.GetDeserialized[TDeserializeInto](RequestSoap`1 RequestSoap) in /home/petre/repos/EuroCredit.CRM2Alta.API/TBC-IntegrationService-StandardPlus-Client/AppifySheets.TBC.IntegrationService.Client/TBC_Services/TBCSoapCaller.cs:line 22
   at AppifySheets.TBC.IntegrationService.Tests.TBCSoapCallerTests.PostboxMessagesRequestSoapGetPaymentOrderStatus_should_return_values() in /home/petre/repos/EuroCredit.CRM2Alta.API/TBC-IntegrationService-StandardPlus-Client/AppifySheets.TBC.IntegrationService.Tests/TBCSoapCallerTests.cs:line 59
--- End of stack trace from previous location ---</StackTrace>
        </ErrorInfo>
      </Output>
    </UnitTestResult>
    <UnitTestResult executionId="c5145ffb-6109-4198-99ea-5bdca7403ba1" testId="bf5a3236-6011-4553-1d80-3b6dae9363f3" testName="AppifySheets.TBC.IntegrationService.Tests.TBCSoapCallerTests.AccountMovements_returns_values" computerName="DESKTOP-EUMPUNP" duration="00:00:00.0029624" startTime="2025-08-04T16:11:26.4257010+04:00" endTime="2025-08-04T16:11:26.4257011+04:00" testType="13cdc9d9-ddb5-4fa4-a97d-d965ccfc6d4b" outcome="Failed" testListId="8c84fa94-04c1-424b-9868-57a2d4851a1d" relativeResultsDirectory="c5145ffb-6109-4198-99ea-5bdca7403ba1">
      <Output>
        <ErrorInfo>
          <Message>Interop+Crypto+OpenSslCryptographicException : error:10000080:BIO routines::no such file</Message>
          <StackTrace>   at Interop.Crypto.CheckValidOpenSslHandle(SafeHandle handle)
   at System.Security.Cryptography.X509Certificates.StorePal.FromFile(String fileName, SafePasswordHandle password, X509KeyStorageFlags keyStorageFlags)
   at System.Security.Cryptography.X509Certificates.X509Certificate2Collection.Import(String fileName, String password, X509KeyStorageFlags keyStorageFlags)
   at AppifySheets.TBC.IntegrationService.Client.TBC_Services.TBCSoapCaller.&lt;&gt;c__DisplayClass5_0.&lt;CallTBCServiceAsync&gt;g__GetCertificates|1() in /home/petre/repos/EuroCredit.CRM2Alta.API/TBC-IntegrationService-StandardPlus-Client/AppifySheets.TBC.IntegrationService.Client/TBC_Services/TBCSoapCaller.cs:line 120
   at AppifySheets.TBC.IntegrationService.Client.TBC_Services.TBCSoapCaller.CallTBCServiceAsync(PerformedActionSoapEnvelope performedActionSoapEnvelope) in /home/petre/repos/EuroCredit.CRM2Alta.API/TBC-IntegrationService-StandardPlus-Client/AppifySheets.TBC.IntegrationService.Client/TBC_Services/TBCSoapCaller.cs:line 88
   at AppifySheets.TBC.IntegrationService.Client.SoapInfrastructure.GetAccountMovements.GetAccountMovementsHelper.&lt;&gt;c__DisplayClass2_0.&lt;&lt;GetAccountMovementAsync&gt;g__GetDataAsync|0&gt;d.MoveNext() in /home/petre/repos/EuroCredit.CRM2Alta.API/TBC-IntegrationService-StandardPlus-Client/AppifySheets.TBC.IntegrationService.Client/SoapInfrastructure/GetAccountMovements/GetAccountMovementsHelper.cs:line 47
--- End of stack trace from previous location ---
   at AppifySheets.TBC.IntegrationService.Client.SoapInfrastructure.GetAccountMovements.GetAccountMovementsHelper.GetAccountMovementAsync(Period period, TBCSoapCaller tbcSoapCaller) in /home/petre/repos/EuroCredit.CRM2Alta.API/TBC-IntegrationService-StandardPlus-Client/AppifySheets.TBC.IntegrationService.Client/SoapInfrastructure/GetAccountMovements/GetAccountMovementsHelper.cs:line 17
   at AppifySheets.TBC.IntegrationService.Tests.TBCSoapCallerTests.AccountMovements_returns_values() in /home/petre/repos/EuroCredit.CRM2Alta.API/TBC-IntegrationService-StandardPlus-Client/AppifySheets.TBC.IntegrationService.Tests/TBCSoapCallerTests.cs:line 42
--- End of stack trace from previous location ---</StackTrace>
        </ErrorInfo>
      </Output>
    </UnitTestResult>
    <UnitTestResult executionId="f0885aef-8ab5-47ea-af05-7e13ffa12d08" testId="d99ea1e3-9dca-5f69-b760-325d9619e97b" testName="AppifySheets.TBC.IntegrationService.Tests.TBCSoapCallerTests.ImportSinglePaymentOrders_returns_values" computerName="DESKTOP-EUMPUNP" duration="00:00:00.0048020" startTime="2025-08-04T16:11:26.4215576+04:00" endTime="2025-08-04T16:11:26.4215577+04:00" testType="13cdc9d9-ddb5-4fa4-a97d-d965ccfc6d4b" outcome="Failed" testListId="8c84fa94-04c1-424b-9868-57a2d4851a1d" relativeResultsDirectory="f0885aef-8ab5-47ea-af05-7e13ffa12d08">
      <Output>
        <ErrorInfo>
          <Message>Interop+Crypto+OpenSslCryptographicException : error:10000080:BIO routines::no such file</Message>
          <StackTrace>   at Interop.Crypto.CheckValidOpenSslHandle(SafeHandle handle)
   at System.Security.Cryptography.X509Certificates.StorePal.FromFile(String fileName, SafePasswordHandle password, X509KeyStorageFlags keyStorageFlags)
   at System.Security.Cryptography.X509Certificates.X509Certificate2Collection.Import(String fileName, String password, X509KeyStorageFlags keyStorageFlags)
   at AppifySheets.TBC.IntegrationService.Client.TBC_Services.TBCSoapCaller.&lt;&gt;c__DisplayClass5_0.&lt;CallTBCServiceAsync&gt;g__GetCertificates|1() in /home/petre/repos/EuroCredit.CRM2Alta.API/TBC-IntegrationService-StandardPlus-Client/AppifySheets.TBC.IntegrationService.Client/TBC_Services/TBCSoapCaller.cs:line 120
   at AppifySheets.TBC.IntegrationService.Client.TBC_Services.TBCSoapCaller.CallTBCServiceAsync(PerformedActionSoapEnvelope performedActionSoapEnvelope) in /home/petre/repos/EuroCredit.CRM2Alta.API/TBC-IntegrationService-StandardPlus-Client/AppifySheets.TBC.IntegrationService.Client/TBC_Services/TBCSoapCaller.cs:line 88
   at AppifySheets.TBC.IntegrationService.Client.TBC_Services.TBCSoapCaller.GetDeserialized[TDeserializeInto](RequestSoap`1 RequestSoap) in /home/petre/repos/EuroCredit.CRM2Alta.API/TBC-IntegrationService-StandardPlus-Client/AppifySheets.TBC.IntegrationService.Client/TBC_Services/TBCSoapCaller.cs:line 22
   at AppifySheets.TBC.IntegrationService.Tests.TBCSoapCallerTests.ImportSinglePaymentOrders_returns_values() in /home/petre/repos/EuroCredit.CRM2Alta.API/TBC-IntegrationService-StandardPlus-Client/AppifySheets.TBC.IntegrationService.Tests/TBCSoapCallerTests.cs:line 79
--- End of stack trace from previous location ---</StackTrace>
        </ErrorInfo>
      </Output>
    </UnitTestResult>
    <UnitTestResult executionId="fb3bfdf9-b520-42e4-8dfd-278b3c15ccb1" testId="dc76b455-c0a6-7e7c-b1e5-7af954e4e664" testName="AppifySheets.TBC.IntegrationService.Tests.TBCSoapCallerTests.PasswordChangeIsSuccessful" computerName="DESKTOP-EUMPUNP" duration="00:00:00.0006266" startTime="2025-08-04T16:11:26.4263759+04:00" endTime="2025-08-04T16:11:26.4263759+04:00" testType="13cdc9d9-ddb5-4fa4-a97d-d965ccfc6d4b" outcome="Failed" testListId="8c84fa94-04c1-424b-9868-57a2d4851a1d" relativeResultsDirectory="fb3bfdf9-b520-42e4-8dfd-278b3c15ccb1">
      <Output>
        <ErrorInfo>
          <Message>Interop+Crypto+OpenSslCryptographicException : error:10000080:BIO routines::no such file</Message>
          <StackTrace>   at Interop.Crypto.CheckValidOpenSslHandle(SafeHandle handle)
   at System.Security.Cryptography.X509Certificates.StorePal.FromFile(String fileName, SafePasswordHandle password, X509KeyStorageFlags keyStorageFlags)
   at System.Security.Cryptography.X509Certificates.X509Certificate2Collection.Import(String fileName, String password, X509KeyStorageFlags keyStorageFlags)
   at AppifySheets.TBC.IntegrationService.Client.TBC_Services.TBCSoapCaller.&lt;&gt;c__DisplayClass5_0.&lt;CallTBCServiceAsync&gt;g__GetCertificates|1() in /home/petre/repos/EuroCredit.CRM2Alta.API/TBC-IntegrationService-StandardPlus-Client/AppifySheets.TBC.IntegrationService.Client/TBC_Services/TBCSoapCaller.cs:line 120
   at AppifySheets.TBC.IntegrationService.Client.TBC_Services.TBCSoapCaller.CallTBCServiceAsync(PerformedActionSoapEnvelope performedActionSoapEnvelope) in /home/petre/repos/EuroCredit.CRM2Alta.API/TBC-IntegrationService-StandardPlus-Client/AppifySheets.TBC.IntegrationService.Client/TBC_Services/TBCSoapCaller.cs:line 88
   at AppifySheets.TBC.IntegrationService.Client.TBC_Services.TBCSoapCaller.GetDeserialized[TDeserializeInto](RequestSoap`1 RequestSoap) in /home/petre/repos/EuroCredit.CRM2Alta.API/TBC-IntegrationService-StandardPlus-Client/AppifySheets.TBC.IntegrationService.Client/TBC_Services/TBCSoapCaller.cs:line 22
   at AppifySheets.TBC.IntegrationService.Tests.TBCSoapCallerTests.PasswordChangeIsSuccessful() in /home/petre/repos/EuroCredit.CRM2Alta.API/TBC-IntegrationService-StandardPlus-Client/AppifySheets.TBC.IntegrationService.Tests/TBCSoapCallerTests.cs:line 35
--- End of stack trace from previous location ---</StackTrace>
        </ErrorInfo>
      </Output>
    </UnitTestResult>
    <UnitTestResult executionId="b3bf44ff-e67b-414b-a2fa-9ade17e001f9" testId="2ba1dab3-a83f-5913-4d31-c33e444e1e49" testName="AppifySheets.TBC.IntegrationService.Tests.TBCSoapCallerTests.RequestSoapGetPaymentOrderStatus_should_return_values" computerName="DESKTOP-EUMPUNP" duration="00:00:00.0006283" startTime="2025-08-04T16:11:26.4223865+04:00" endTime="2025-08-04T16:11:26.4223866+04:00" testType="13cdc9d9-ddb5-4fa4-a97d-d965ccfc6d4b" outcome="Failed" testListId="8c84fa94-04c1-424b-9868-57a2d4851a1d" relativeResultsDirectory="b3bf44ff-e67b-414b-a2fa-9ade17e001f9">
      <Output>
        <ErrorInfo>
          <Message>Interop+Crypto+OpenSslCryptographicException : error:10000080:BIO routines::no such file</Message>
          <StackTrace>   at Interop.Crypto.CheckValidOpenSslHandle(SafeHandle handle)
   at System.Security.Cryptography.X509Certificates.StorePal.FromFile(String fileName, SafePasswordHandle password, X509KeyStorageFlags keyStorageFlags)
   at System.Security.Cryptography.X509Certificates.X509Certificate2Collection.Import(String fileName, String password, X509KeyStorageFlags keyStorageFlags)
   at AppifySheets.TBC.IntegrationService.Client.TBC_Services.TBCSoapCaller.&lt;&gt;c__DisplayClass5_0.&lt;CallTBCServiceAsync&gt;g__GetCertificates|1() in /home/petre/repos/EuroCredit.CRM2Alta.API/TBC-IntegrationService-StandardPlus-Client/AppifySheets.TBC.IntegrationService.Client/TBC_Services/TBCSoapCaller.cs:line 120
   at AppifySheets.TBC.IntegrationService.Client.TBC_Services.TBCSoapCaller.CallTBCServiceAsync(PerformedActionSoapEnvelope performedActionSoapEnvelope) in /home/petre/repos/EuroCredit.CRM2Alta.API/TBC-IntegrationService-StandardPlus-Client/AppifySheets.TBC.IntegrationService.Client/TBC_Services/TBCSoapCaller.cs:line 88
   at AppifySheets.TBC.IntegrationService.Client.TBC_Services.TBCSoapCaller.GetDeserialized[TDeserializeInto](RequestSoap`1 RequestSoap) in /home/petre/repos/EuroCredit.CRM2Alta.API/TBC-IntegrationService-StandardPlus-Client/AppifySheets.TBC.IntegrationService.Client/TBC_Services/TBCSoapCaller.cs:line 22
   at AppifySheets.TBC.IntegrationService.Tests.TBCSoapCallerTests.RequestSoapGetPaymentOrderStatus_should_return_values() in /home/petre/repos/EuroCredit.CRM2Alta.API/TBC-IntegrationService-StandardPlus-Client/AppifySheets.TBC.IntegrationService.Tests/TBCSoapCallerTests.cs:line 52
--- End of stack trace from previous location ---</StackTrace>
        </ErrorInfo>
      </Output>
    </UnitTestResult>
  </Results>
  <TestDefinitions>
    <UnitTest name="AppifySheets.TBC.IntegrationService.Tests.TBCSoapCallerTests.PostboxMessagesRequestSoapGetPaymentOrderStatus_should_return_values" storage="/home/petre/repos/eurocredit.crm2alta.api/tbc-integrationservice-standardplus-client/appifysheets.tbc.integrationservice.tests/bin/debug/net8.0/appifysheets.tbc.integrationservice.tests.dll" id="449bfb3d-1e30-9e4c-e3ab-fab2e833b77a">
      <Execution id="e4132bff-88ce-40b1-8529-7239b9bb93c7" />
      <TestMethod codeBase="/home/petre/repos/EuroCredit.CRM2Alta.API/TBC-IntegrationService-StandardPlus-Client/AppifySheets.TBC.IntegrationService.Tests/bin/Debug/net8.0/AppifySheets.TBC.IntegrationService.Tests.dll" adapterTypeName="executor://xunit/VsTestRunner2/netcoreapp" className="AppifySheets.TBC.IntegrationService.Tests.TBCSoapCallerTests" name="PostboxMessagesRequestSoapGetPaymentOrderStatus_should_return_values" />
    </UnitTest>
    <UnitTest name="AppifySheets.TBC.IntegrationService.Tests.TBCSoapCallerTests.AccountMovements_returns_values" storage="/home/petre/repos/eurocredit.crm2alta.api/tbc-integrationservice-standardplus-client/appifysheets.tbc.integrationservice.tests/bin/debug/net8.0/appifysheets.tbc.integrationservice.tests.dll" id="bf5a3236-6011-4553-1d80-3b6dae9363f3">
      <Execution id="c5145ffb-6109-4198-99ea-5bdca7403ba1" />
      <TestMethod codeBase="/home/petre/repos/EuroCredit.CRM2Alta.API/TBC-IntegrationService-StandardPlus-Client/AppifySheets.TBC.IntegrationService.Tests/bin/Debug/net8.0/AppifySheets.TBC.IntegrationService.Tests.dll" adapterTypeName="executor://xunit/VsTestRunner2/netcoreapp" className="AppifySheets.TBC.IntegrationService.Tests.TBCSoapCallerTests" name="AccountMovements_returns_values" />
    </UnitTest>
    <UnitTest name="AppifySheets.TBC.IntegrationService.Tests.TBCSoapCallerTests.ImportSinglePaymentOrders_returns_values" storage="/home/petre/repos/eurocredit.crm2alta.api/tbc-integrationservice-standardplus-client/appifysheets.tbc.integrationservice.tests/bin/debug/net8.0/appifysheets.tbc.integrationservice.tests.dll" id="d99ea1e3-9dca-5f69-b760-325d9619e97b">
      <Execution id="f0885aef-8ab5-47ea-af05-7e13ffa12d08" />
      <TestMethod codeBase="/home/petre/repos/EuroCredit.CRM2Alta.API/TBC-IntegrationService-StandardPlus-Client/AppifySheets.TBC.IntegrationService.Tests/bin/Debug/net8.0/AppifySheets.TBC.IntegrationService.Tests.dll" adapterTypeName="executor://xunit/VsTestRunner2/netcoreapp" className="AppifySheets.TBC.IntegrationService.Tests.TBCSoapCallerTests" name="ImportSinglePaymentOrders_returns_values" />
    </UnitTest>
    <UnitTest name="AppifySheets.TBC.IntegrationService.Tests.TBCSoapCallerTests.PasswordChangeIsSuccessful" storage="/home/petre/repos/eurocredit.crm2alta.api/tbc-integrationservice-standardplus-client/appifysheets.tbc.integrationservice.tests/bin/debug/net8.0/appifysheets.tbc.integrationservice.tests.dll" id="dc76b455-c0a6-7e7c-b1e5-7af954e4e664">
      <Execution id="fb3bfdf9-b520-42e4-8dfd-278b3c15ccb1" />
      <TestMethod codeBase="/home/petre/repos/EuroCredit.CRM2Alta.API/TBC-IntegrationService-StandardPlus-Client/AppifySheets.TBC.IntegrationService.Tests/bin/Debug/net8.0/AppifySheets.TBC.IntegrationService.Tests.dll" adapterTypeName="executor://xunit/VsTestRunner2/netcoreapp" className="AppifySheets.TBC.IntegrationService.Tests.TBCSoapCallerTests" name="PasswordChangeIsSuccessful" />
    </UnitTest>
    <UnitTest name="AppifySheets.TBC.IntegrationService.Tests.TBCSoapCallerTests.RequestSoapGetPaymentOrderStatus_should_return_values" storage="/home/petre/repos/eurocredit.crm2alta.api/tbc-integrationservice-standardplus-client/appifysheets.tbc.integrationservice.tests/bin/debug/net8.0/appifysheets.tbc.integrationservice.tests.dll" id="2ba1dab3-a83f-5913-4d31-c33e444e1e49">
      <Execution id="b3bf44ff-e67b-414b-a2fa-9ade17e001f9" />
      <TestMethod codeBase="/home/petre/repos/EuroCredit.CRM2Alta.API/TBC-IntegrationService-StandardPlus-Client/AppifySheets.TBC.IntegrationService.Tests/bin/Debug/net8.0/AppifySheets.TBC.IntegrationService.Tests.dll" adapterTypeName="executor://xunit/VsTestRunner2/netcoreapp" className="AppifySheets.TBC.IntegrationService.Tests.TBCSoapCallerTests" name="RequestSoapGetPaymentOrderStatus_should_return_values" />
    </UnitTest>
  </TestDefinitions>
  <TestEntries>
    <TestEntry testId="449bfb3d-1e30-9e4c-e3ab-fab2e833b77a" executionId="e4132bff-88ce-40b1-8529-7239b9bb93c7" testListId="8c84fa94-04c1-424b-9868-57a2d4851a1d" />
    <TestEntry testId="bf5a3236-6011-4553-1d80-3b6dae9363f3" executionId="c5145ffb-6109-4198-99ea-5bdca7403ba1" testListId="8c84fa94-04c1-424b-9868-57a2d4851a1d" />
    <TestEntry testId="d99ea1e3-9dca-5f69-b760-325d9619e97b" executionId="f0885aef-8ab5-47ea-af05-7e13ffa12d08" testListId="8c84fa94-04c1-424b-9868-57a2d4851a1d" />
    <TestEntry testId="dc76b455-c0a6-7e7c-b1e5-7af954e4e664" executionId="fb3bfdf9-b520-42e4-8dfd-278b3c15ccb1" testListId="8c84fa94-04c1-424b-9868-57a2d4851a1d" />
    <TestEntry testId="2ba1dab3-a83f-5913-4d31-c33e444e1e49" executionId="b3bf44ff-e67b-414b-a2fa-9ade17e001f9" testListId="8c84fa94-04c1-424b-9868-57a2d4851a1d" />
  </TestEntries>
  <TestLists>
    <TestList name="Results Not in a List" id="8c84fa94-04c1-424b-9868-57a2d4851a1d" />
    <TestList name="All Loaded Results" id="19431567-8539-422a-85d7-44ee4e166bda" />
  </TestLists>
  <ResultSummary outcome="Failed">
    <Counters total="5" executed="5" passed="0" failed="5" error="0" timeout="0" aborted="0" inconclusive="0" passedButRunAborted="0" notRunnable="0" notExecuted="0" disconnected="0" warning="0" completed="0" inProgress="0" pending="0" />
    <Output>
      <StdOut>[xUnit.net 00:00:00.00] xUnit.net VSTest Adapter v2.4.5+1caef2f33e (64-bit .NET 8.0.17)
[xUnit.net 00:00:00.26]   Discovering: AppifySheets.TBC.IntegrationService.Tests
[xUnit.net 00:00:00.28]   Discovered:  AppifySheets.TBC.IntegrationService.Tests
[xUnit.net 00:00:00.28]   Starting:    AppifySheets.TBC.IntegrationService.Tests
[xUnit.net 00:00:00.31]       Interop+Crypto+OpenSslCryptographicException : error:10000080:BIO routines::no such file
[xUnit.net 00:00:00.31]       Stack Trace:
[xUnit.net 00:00:00.31]            at Interop.Crypto.CheckValidOpenSslHandle(SafeHandle handle)
[xUnit.net 00:00:00.31]            at System.Security.Cryptography.X509Certificates.StorePal.FromFile(String fileName, SafePasswordHandle password, X509KeyStorageFlags keyStorageFlags)
[xUnit.net 00:00:00.31]            at System.Security.Cryptography.X509Certificates.X509Certificate2Collection.Import(String fileName, String password, X509KeyStorageFlags keyStorageFlags)
[xUnit.net 00:00:00.31]         /home/petre/repos/EuroCredit.CRM2Alta.API/TBC-IntegrationService-StandardPlus-Client/AppifySheets.TBC.IntegrationService.Client/TBC_Services/TBCSoapCaller.cs(120,0): at AppifySheets.TBC.IntegrationService.Client.TBC_Services.TBCSoapCaller.&lt;&gt;c__DisplayClass5_0.&lt;CallTBCServiceAsync&gt;g__GetCertificates|1()
[xUnit.net 00:00:00.31]         /home/petre/repos/EuroCredit.CRM2Alta.API/TBC-IntegrationService-StandardPlus-Client/AppifySheets.TBC.IntegrationService.Client/TBC_Services/TBCSoapCaller.cs(88,0): at AppifySheets.TBC.IntegrationService.Client.TBC_Services.TBCSoapCaller.CallTBCServiceAsync(PerformedActionSoapEnvelope performedActionSoapEnvelope)
[xUnit.net 00:00:00.31]         /home/petre/repos/EuroCredit.CRM2Alta.API/TBC-IntegrationService-StandardPlus-Client/AppifySheets.TBC.IntegrationService.Client/TBC_Services/TBCSoapCaller.cs(22,0): at AppifySheets.TBC.IntegrationService.Client.TBC_Services.TBCSoapCaller.GetDeserialized[TDeserializeInto](RequestSoap`1 RequestSoap)
[xUnit.net 00:00:00.31]         /home/petre/repos/EuroCredit.CRM2Alta.API/TBC-IntegrationService-StandardPlus-Client/AppifySheets.TBC.IntegrationService.Tests/TBCSoapCallerTests.cs(59,0): at AppifySheets.TBC.IntegrationService.Tests.TBCSoapCallerTests.PostboxMessagesRequestSoapGetPaymentOrderStatus_should_return_values()
[xUnit.net 00:00:00.31]         --- End of stack trace from previous location ---
[xUnit.net 00:00:00.31]       Interop+Crypto+OpenSslCryptographicException : error:10000080:BIO routines::no such file
[xUnit.net 00:00:00.31]       Stack Trace:
[xUnit.net 00:00:00.31]            at Interop.Crypto.CheckValidOpenSslHandle(SafeHandle handle)
[xUnit.net 00:00:00.31]            at System.Security.Cryptography.X509Certificates.StorePal.FromFile(String fileName, SafePasswordHandle password, X509KeyStorageFlags keyStorageFlags)
[xUnit.net 00:00:00.31]            at System.Security.Cryptography.X509Certificates.X509Certificate2Collection.Import(String fileName, String password, X509KeyStorageFlags keyStorageFlags)
[xUnit.net 00:00:00.31]         /home/petre/repos/EuroCredit.CRM2Alta.API/TBC-IntegrationService-StandardPlus-Client/AppifySheets.TBC.IntegrationService.Client/TBC_Services/TBCSoapCaller.cs(120,0): at AppifySheets.TBC.IntegrationService.Client.TBC_Services.TBCSoapCaller.&lt;&gt;c__DisplayClass5_0.&lt;CallTBCServiceAsync&gt;g__GetCertificates|1()
[xUnit.net 00:00:00.31]         /home/petre/repos/EuroCredit.CRM2Alta.API/TBC-IntegrationService-StandardPlus-Client/AppifySheets.TBC.IntegrationService.Client/TBC_Services/TBCSoapCaller.cs(88,0): at AppifySheets.TBC.IntegrationService.Client.TBC_Services.TBCSoapCaller.CallTBCServiceAsync(PerformedActionSoapEnvelope performedActionSoapEnvelope)
[xUnit.net 00:00:00.31]         /home/petre/repos/EuroCredit.CRM2Alta.API/TBC-IntegrationService-StandardPlus-Client/AppifySheets.TBC.IntegrationService.Client/TBC_Services/TBCSoapCaller.cs(22,0): at AppifySheets.TBC.IntegrationService.Client.TBC_Services.TBCSoapCaller.GetDeserialized[TDeserializeInto](RequestSoap`1 RequestSoap)
[xUnit.net 00:00:00.31]         /home/petre/repos/EuroCredit.CRM2Alta.API/TBC-IntegrationService-StandardPlus-Client/AppifySheets.TBC.IntegrationService.Tests/TBCSoapCallerTests.cs(79,0): at AppifySheets.TBC.IntegrationService.Tests.TBCSoapCallerTests.ImportSinglePaymentOrders_returns_values()
[xUnit.net 00:00:00.31]         --- End of stack trace from previous location ---
[xUnit.net 00:00:00.32]       Interop+Crypto+OpenSslCryptographicException : error:10000080:BIO routines::no such file
[xUnit.net 00:00:00.32]       Stack Trace:
[xUnit.net 00:00:00.32]            at Interop.Crypto.CheckValidOpenSslHandle(SafeHandle handle)
[xUnit.net 00:00:00.32]            at System.Security.Cryptography.X509Certificates.StorePal.FromFile(String fileName, SafePasswordHandle password, X509KeyStorageFlags keyStorageFlags)
[xUnit.net 00:00:00.32]            at System.Security.Cryptography.X509Certificates.X509Certificate2Collection.Import(String fileName, String password, X509KeyStorageFlags keyStorageFlags)
[xUnit.net 00:00:00.32]         /home/petre/repos/EuroCredit.CRM2Alta.API/TBC-IntegrationService-StandardPlus-Client/AppifySheets.TBC.IntegrationService.Client/TBC_Services/TBCSoapCaller.cs(120,0): at AppifySheets.TBC.IntegrationService.Client.TBC_Services.TBCSoapCaller.&lt;&gt;c__DisplayClass5_0.&lt;CallTBCServiceAsync&gt;g__GetCertificates|1()
[xUnit.net 00:00:00.32]         /home/petre/repos/EuroCredit.CRM2Alta.API/TBC-IntegrationService-StandardPlus-Client/AppifySheets.TBC.IntegrationService.Client/TBC_Services/TBCSoapCaller.cs(88,0): at AppifySheets.TBC.IntegrationService.Client.TBC_Services.TBCSoapCaller.CallTBCServiceAsync(PerformedActionSoapEnvelope performedActionSoapEnvelope)
[xUnit.net 00:00:00.32]         /home/petre/repos/EuroCredit.CRM2Alta.API/TBC-IntegrationService-StandardPlus-Client/AppifySheets.TBC.IntegrationService.Client/TBC_Services/TBCSoapCaller.cs(22,0): at AppifySheets.TBC.IntegrationService.Client.TBC_Services.TBCSoapCaller.GetDeserialized[TDeserializeInto](RequestSoap`1 RequestSoap)
[xUnit.net 00:00:00.32]         /home/petre/repos/EuroCredit.CRM2Alta.API/TBC-IntegrationService-StandardPlus-Client/AppifySheets.TBC.IntegrationService.Tests/TBCSoapCallerTests.cs(52,0): at AppifySheets.TBC.IntegrationService.Tests.TBCSoapCallerTests.RequestSoapGetPaymentOrderStatus_should_return_values()
[xUnit.net 00:00:00.32]         --- End of stack trace from previous location ---
[xUnit.net 00:00:00.32]       Interop+Crypto+OpenSslCryptographicException : error:10000080:BIO routines::no such file
[xUnit.net 00:00:00.32]       Stack Trace:
[xUnit.net 00:00:00.32]            at Interop.Crypto.CheckValidOpenSslHandle(SafeHandle handle)
[xUnit.net 00:00:00.32]            at System.Security.Cryptography.X509Certificates.StorePal.FromFile(String fileName, SafePasswordHandle password, X509KeyStorageFlags keyStorageFlags)
[xUnit.net 00:00:00.32]            at System.Security.Cryptography.X509Certificates.X509Certificate2Collection.Import(String fileName, String password, X509KeyStorageFlags keyStorageFlags)
[xUnit.net 00:00:00.32]         /home/petre/repos/EuroCredit.CRM2Alta.API/TBC-IntegrationService-StandardPlus-Client/AppifySheets.TBC.IntegrationService.Client/TBC_Services/TBCSoapCaller.cs(120,0): at AppifySheets.TBC.IntegrationService.Client.TBC_Services.TBCSoapCaller.&lt;&gt;c__DisplayClass5_0.&lt;CallTBCServiceAsync&gt;g__GetCertificates|1()
[xUnit.net 00:00:00.32]         /home/petre/repos/EuroCredit.CRM2Alta.API/TBC-IntegrationService-StandardPlus-Client/AppifySheets.TBC.IntegrationService.Client/TBC_Services/TBCSoapCaller.cs(88,0): at AppifySheets.TBC.IntegrationService.Client.TBC_Services.TBCSoapCaller.CallTBCServiceAsync(PerformedActionSoapEnvelope performedActionSoapEnvelope)
[xUnit.net 00:00:00.32]         /home/petre/repos/EuroCredit.CRM2Alta.API/TBC-IntegrationService-StandardPlus-Client/AppifySheets.TBC.IntegrationService.Client/SoapInfrastructure/GetAccountMovements/GetAccountMovementsHelper.cs(47,0): at AppifySheets.TBC.IntegrationService.Client.SoapInfrastructure.GetAccountMovements.GetAccountMovementsHelper.&lt;&gt;c__DisplayClass2_0.&lt;&lt;GetAccountMovementAsync&gt;g__GetDataAsync|0&gt;d.MoveNext()
[xUnit.net 00:00:00.32]         --- End of stack trace from previous location ---
[xUnit.net 00:00:00.32]         /home/petre/repos/EuroCredit.CRM2Alta.API/TBC-IntegrationService-StandardPlus-Client/AppifySheets.TBC.IntegrationService.Client/SoapInfrastructure/GetAccountMovements/GetAccountMovementsHelper.cs(17,0): at AppifySheets.TBC.IntegrationService.Client.SoapInfrastructure.GetAccountMovements.GetAccountMovementsHelper.GetAccountMovementAsync(Period period, TBCSoapCaller tbcSoapCaller)
[xUnit.net 00:00:00.32]         /home/petre/repos/EuroCredit.CRM2Alta.API/TBC-IntegrationService-StandardPlus-Client/AppifySheets.TBC.IntegrationService.Tests/TBCSoapCallerTests.cs(42,0): at AppifySheets.TBC.IntegrationService.Tests.TBCSoapCallerTests.AccountMovements_returns_values()
[xUnit.net 00:00:00.32]         --- End of stack trace from previous location ---
[xUnit.net 00:00:00.32]       Interop+Crypto+OpenSslCryptographicException : error:10000080:BIO routines::no such file
[xUnit.net 00:00:00.32]       Stack Trace:
[xUnit.net 00:00:00.32]            at Interop.Crypto.CheckValidOpenSslHandle(SafeHandle handle)
[xUnit.net 00:00:00.32]            at System.Security.Cryptography.X509Certificates.StorePal.FromFile(String fileName, SafePasswordHandle password, X509KeyStorageFlags keyStorageFlags)
[xUnit.net 00:00:00.32]            at System.Security.Cryptography.X509Certificates.X509Certificate2Collection.Import(String fileName, String password, X509KeyStorageFlags keyStorageFlags)
[xUnit.net 00:00:00.32]         /home/petre/repos/EuroCredit.CRM2Alta.API/TBC-IntegrationService-StandardPlus-Client/AppifySheets.TBC.IntegrationService.Client/TBC_Services/TBCSoapCaller.cs(120,0): at AppifySheets.TBC.IntegrationService.Client.TBC_Services.TBCSoapCaller.&lt;&gt;c__DisplayClass5_0.&lt;CallTBCServiceAsync&gt;g__GetCertificates|1()
[xUnit.net 00:00:00.32]         /home/petre/repos/EuroCredit.CRM2Alta.API/TBC-IntegrationService-StandardPlus-Client/AppifySheets.TBC.IntegrationService.Client/TBC_Services/TBCSoapCaller.cs(88,0): at AppifySheets.TBC.IntegrationService.Client.TBC_Services.TBCSoapCaller.CallTBCServiceAsync(PerformedActionSoapEnvelope performedActionSoapEnvelope)
[xUnit.net 00:00:00.32]         /home/petre/repos/EuroCredit.CRM2Alta.API/TBC-IntegrationService-StandardPlus-Client/AppifySheets.TBC.IntegrationService.Client/TBC_Services/TBCSoapCaller.cs(22,0): at AppifySheets.TBC.IntegrationService.Client.TBC_Services.TBCSoapCaller.GetDeserialized[TDeserializeInto](RequestSoap`1 RequestSoap)
[xUnit.net 00:00:00.32]         /home/petre/repos/EuroCredit.CRM2Alta.API/TBC-IntegrationService-StandardPlus-Client/AppifySheets.TBC.IntegrationService.Tests/TBCSoapCallerTests.cs(35,0): at AppifySheets.TBC.IntegrationService.Tests.TBCSoapCallerTests.PasswordChangeIsSuccessful()
[xUnit.net 00:00:00.32]         --- End of stack trace from previous location ---
[xUnit.net 00:00:00.32]   Finished:    AppifySheets.TBC.IntegrationService.Tests
</StdOut>
    </Output>
    <RunInfos>
      <RunInfo computerName="DESKTOP-EUMPUNP" outcome="Error" timestamp="2025-08-04T16:11:26.4174464+04:00">
        <Text>[xUnit.net 00:00:00.31]     AppifySheets.TBC.IntegrationService.Tests.TBCSoapCallerTests.PostboxMessagesRequestSoapGetPaymentOrderStatus_should_return_values [FAIL]</Text>
      </RunInfo>
      <RunInfo computerName="DESKTOP-EUMPUNP" outcome="Error" timestamp="2025-08-04T16:11:26.4216341+04:00">
        <Text>[xUnit.net 00:00:00.31]     AppifySheets.TBC.IntegrationService.Tests.TBCSoapCallerTests.ImportSinglePaymentOrders_returns_values [FAIL]</Text>
      </RunInfo>
      <RunInfo computerName="DESKTOP-EUMPUNP" outcome="Error" timestamp="2025-08-04T16:11:26.4222306+04:00">
        <Text>[xUnit.net 00:00:00.32]     AppifySheets.TBC.IntegrationService.Tests.TBCSoapCallerTests.RequestSoapGetPaymentOrderStatus_should_return_values [FAIL]</Text>
      </RunInfo>
      <RunInfo computerName="DESKTOP-EUMPUNP" outcome="Error" timestamp="2025-08-04T16:11:26.4256459+04:00">
        <Text>[xUnit.net 00:00:00.32]     AppifySheets.TBC.IntegrationService.Tests.TBCSoapCallerTests.AccountMovements_returns_values [FAIL]</Text>
      </RunInfo>
      <RunInfo computerName="DESKTOP-EUMPUNP" outcome="Error" timestamp="2025-08-04T16:11:26.4264035+04:00">
        <Text>[xUnit.net 00:00:00.32]     AppifySheets.TBC.IntegrationService.Tests.TBCSoapCallerTests.PasswordChangeIsSuccessful [FAIL]</Text>
      </RunInfo>
    </RunInfos>
  </ResultSummary>
</TestRun>